<?xml version="1.0" encoding="UTF-8"?>
<!-- Generated by org.testng.reporters.JUnitXMLReporter -->
<testsuite ignored="0" hostname="DESKTOP-FVO70AG" failures="0" tests="13" name="Test" time="0.349" errors="0" timestamp="2022-06-05T17:41:03 IST">
  <testcase classname="com.actitime.testscript.CustomerModule" name="createCustomer" time="0.026"/>
  <testcase classname="com.actitime.testscript.CustomerModule" name="deleteCustomer" time="0.003"/>
  <testcase classname="com.actitime.testscript.CustomerModule" name="editCustomer" time="0.005"/>
  <testcase classname="com.actitime.testscript.CustomerModule" name="modifyCustomer" time="0.003"/>
  <testcase classname="com.actitime.testscript.TaskModule" name="createTask" time="0.004"/>
  <testcase classname="com.actitime.testscript.TaskModule" name="deleteTask" time="0.01"/>
  <testcase classname="com.actitime.testscript.TaskModule" name="editTask" time="0.009"/>
  <testcase classname="com.actitime.testscript.TaskModule" name="modifyTask" time="0.035"/>
  <testcase classname="com.actitime.testscript.UserModule" name="deleteUser" time="0.008"/>
  <testcase classname="com.actitime.testscript.UserModule" name="editUser" time="0.003"/>
  <testcase classname="com.actitime.testscript.UserModule" name="modifyUser" time="0.006"/>
  <testcase classname="com.actitime.testscript.UserModule" name="modifyUser" time="0.01"/>
  <testcase classname="com.actitime.testscript.UserModule" name="createUser" time="0.008"/>
</testsuite> <!-- Test -->
