<?xml version="1.0" encoding="UTF-8"?>
<testng-results ignored="0" total="1" passed="1" failed="0" skipped="0">
  <reporter-output>
    <line>
      <![CDATA[Open Browser]]>
    </line>
    <line>
      <![CDATA[Login]]>
    </line>
    <line>
      <![CDATA[Create customer]]>
    </line>
  </reporter-output>
  <suite started-at="2022-06-23T09:27:20 IST" name="Default suite" finished-at="2022-06-23T09:27:52 IST" duration-ms="32248">
    <groups>
    </groups>
    <test started-at="2022-06-23T09:27:20 IST" name="Default test" finished-at="2022-06-23T09:27:52 IST" duration-ms="32248">
      <class name="com.actitime.testscript.NewCustomerModule">
        <test-method is-config="true" signature="openBrowser()[pri:0, instance:com.actitime.testscript.NewCustomerModule@25084a1e]" started-at="2022-06-23T09:27:20 IST" name="openBrowser" finished-at="2022-06-23T09:27:26 IST" duration-ms="5239" status="PASS">
          <reporter-output>
            <line>
              <![CDATA[Open Browser]]>
            </line>
          </reporter-output>
        </test-method> <!-- openBrowser -->
        <test-method is-config="true" signature="login()[pri:0, instance:com.actitime.testscript.NewCustomerModule@25084a1e]" started-at="2022-06-23T09:27:26 IST" name="login" finished-at="2022-06-23T09:27:36 IST" duration-ms="10099" status="PASS">
          <reporter-output>
            <line>
              <![CDATA[Login]]>
            </line>
          </reporter-output>
        </test-method> <!-- login -->
        <test-method signature="testCreateCustomer()[pri:0, instance:com.actitime.testscript.NewCustomerModule@25084a1e]" started-at="2022-06-23T09:27:36 IST" name="testCreateCustomer" finished-at="2022-06-23T09:27:52 IST" duration-ms="16799" status="PASS">
          <reporter-output>
            <line>
              <![CDATA[Create customer]]>
            </line>
          </reporter-output>
        </test-method> <!-- testCreateCustomer -->
      </class> <!-- com.actitime.testscript.NewCustomerModule -->
    </test> <!-- Default test -->
  </suite> <!-- Default suite -->
</testng-results>
